[2023-04-07T17:12:34.438] [WARN] warn - ruta /favicon.ico metodo GET no implementada
[2023-04-07T19:13:27.864] [WARN] warn - ruta /favicon.ico metodo GET no implementada
[2023-04-08T14:05:22.315] [WARN] warn - ruta /favicon.ico metodo GET no implementada
[2023-04-08T16:04:03.754] [WARN] warn - ruta /chat metodo POST no implementada
[2023-04-08T16:04:47.872] [WARN] warn - ruta /chat metodo GET no implementada
[2023-04-08T16:04:51.133] [WARN] warn - ruta /chat metodo GET no implementada
[2023-04-08T16:05:05.812] [WARN] warn - ruta /chat metodo GET no implementada
[2023-04-08T16:07:22.091] [WARN] warn - ruta /chat metodo POST no implementada
[2023-04-10T17:49:29.650] [WARN] warn - ruta /favicon.ico metodo GET no implementada
[2023-04-10T18:28:54.455] [WARN] warn - ruta /logout metodo GET no implementada
[2023-04-12T09:45:07.618] [WARN] warn - ruta /favicon.ico metodo GET no implementada
[2023-04-17T17:50:42.162] [WARN] warn - ruta /favicon.ico metodo GET no implementada
[2023-04-21T19:44:26.321] [WARN] warn - ruta /favicon.ico metodo GET no implementada
[2023-04-21T19:44:27.888] [WARN] warn - ruta /favicon.ico metodo GET no implementada
[2023-04-21T20:48:37.536] [WARN] warn - ruta /pages/chat metodo GET no implementada
[2023-04-21T20:50:32.443] [WARN] warn - ruta /pages/chat metodo GET no implementada
[2023-04-21T22:08:57.564] [WARN] warn - ruta /favicon.ico metodo GET no implementada
[2023-04-23T12:55:52.098] [WARN] warn - ruta /favicon.ico metodo GET no implementada
[2023-04-23T12:58:06.157] [WARN] warn - ruta /favicon.ico metodo GET no implementada
[2023-04-23T13:00:42.352] [WARN] warn - ruta /api/orders/createOrderView metodo POST no implementada
[2023-04-23T13:17:03.791] [WARN] warn - ruta /favicon.ico metodo GET no implementada
